C:\USERS\ANTONIO\DESKTOP\PORTFOLIO_GLUI\PROGMESH\DEBUG\PROGMESH.EXE
C:\USERS\ANTONIO\DESKTOP\PORTFOLIO_GLUI\PROGMESH\DEBUG\PROGMESH.ILK
C:\USERS\ANTONIO\DESKTOP\PORTFOLIO_GLUI\PROGMESH\DEBUG\PROGMESH.PDB
C:\Users\antonio\Desktop\portfolio_glui\ProgMesh\ProgMesh\Debug\cl.command.1.tlog
C:\Users\antonio\Desktop\portfolio_glui\ProgMesh\ProgMesh\Debug\CL.read.1.tlog
C:\Users\antonio\Desktop\portfolio_glui\ProgMesh\ProgMesh\Debug\CL.write.1.tlog
C:\USERS\ANTONIO\DESKTOP\PORTFOLIO_GLUI\PROGMESH\PROGMESH\DEBUG\FONT.OBJ
C:\Users\antonio\Desktop\portfolio_glui\ProgMesh\ProgMesh\Debug\link.3440.read.1.tlog
C:\Users\antonio\Desktop\portfolio_glui\ProgMesh\ProgMesh\Debug\link.3440.write.1.tlog
C:\Users\antonio\Desktop\portfolio_glui\ProgMesh\ProgMesh\Debug\link.3440-cvtres.read.1.tlog
C:\Users\antonio\Desktop\portfolio_glui\ProgMesh\ProgMesh\Debug\link.3440-cvtres.write.1.tlog
C:\Users\antonio\Desktop\portfolio_glui\ProgMesh\ProgMesh\Debug\link.5020.read.1.tlog
C:\Users\antonio\Desktop\portfolio_glui\ProgMesh\ProgMesh\Debug\link.5020.write.1.tlog
C:\Users\antonio\Desktop\portfolio_glui\ProgMesh\ProgMesh\Debug\link.5020-cvtres.read.1.tlog
C:\Users\antonio\Desktop\portfolio_glui\ProgMesh\ProgMesh\Debug\link.5020-cvtres.write.1.tlog
C:\Users\antonio\Desktop\portfolio_glui\ProgMesh\ProgMesh\Debug\link.command.1.tlog
C:\Users\antonio\Desktop\portfolio_glui\ProgMesh\ProgMesh\Debug\link.read.1.tlog
C:\Users\antonio\Desktop\portfolio_glui\ProgMesh\ProgMesh\Debug\link.write.1.tlog
C:\Users\antonio\Desktop\portfolio_glui\ProgMesh\ProgMesh\Debug\link-cvtres.read.1.tlog
C:\Users\antonio\Desktop\portfolio_glui\ProgMesh\ProgMesh\Debug\link-cvtres.write.1.tlog
C:\USERS\ANTONIO\DESKTOP\PORTFOLIO_GLUI\PROGMESH\PROGMESH\DEBUG\MFC.OBJ
C:\USERS\ANTONIO\DESKTOP\PORTFOLIO_GLUI\PROGMESH\PROGMESH\DEBUG\MODELGUTS.OBJ
C:\Users\antonio\Desktop\portfolio_glui\ProgMesh\ProgMesh\Debug\mt.command.1.tlog
C:\Users\antonio\Desktop\portfolio_glui\ProgMesh\ProgMesh\Debug\mt.read.1.tlog
C:\Users\antonio\Desktop\portfolio_glui\ProgMesh\ProgMesh\Debug\mt.write.1.tlog
C:\USERS\ANTONIO\DESKTOP\PORTFOLIO_GLUI\PROGMESH\PROGMESH\DEBUG\PROGMESH.EXE.EMBED.MANIFEST
C:\USERS\ANTONIO\DESKTOP\PORTFOLIO_GLUI\PROGMESH\PROGMESH\DEBUG\PROGMESH.EXE.EMBED.MANIFEST.RES
C:\USERS\ANTONIO\DESKTOP\PORTFOLIO_GLUI\PROGMESH\PROGMESH\DEBUG\PROGMESH.EXE.INTERMEDIATE.MANIFEST
C:\USERS\ANTONIO\DESKTOP\PORTFOLIO_GLUI\PROGMESH\PROGMESH\DEBUG\PROGMESH.OBJ
C:\Users\antonio\Desktop\portfolio_glui\ProgMesh\ProgMesh\Debug\ProgMesh.vcxprojResolveAssemblyReference.cache
C:\Users\antonio\Desktop\portfolio_glui\ProgMesh\ProgMesh\Debug\ProgMesh.write.1.tlog
C:\Users\antonio\Desktop\portfolio_glui\ProgMesh\ProgMesh\Debug\ProgMesh_manifest.rc
C:\Users\antonio\Desktop\portfolio_glui\ProgMesh\ProgMesh\Debug\rc.command.1.tlog
C:\Users\antonio\Desktop\portfolio_glui\ProgMesh\ProgMesh\Debug\rc.read.1.tlog
C:\Users\antonio\Desktop\portfolio_glui\ProgMesh\ProgMesh\Debug\rc.write.1.tlog
C:\Users\antonio\Desktop\portfolio_glui\ProgMesh\ProgMesh\Debug\vc100.idb
C:\USERS\ANTONIO\DESKTOP\PORTFOLIO_GLUI\PROGMESH\PROGMESH\DEBUG\VC100.PDB
C:\USERS\ANTONIO\DESKTOP\PORTFOLIO_GLUI\PROGMESH\PROGMESH\DEBUG\VECTOR.OBJ
C:\USERS\ANTONIO\DESKTOP\PORTFOLIO_GLUI\PROGMESH\PROGMESH\DEBUG\WINMAIN.OBJ
