Build started 8/7/2014 11:04:36 PM.
     1>Project "C:\Users\antonio\Desktop\portfolio_glui\ProgMesh\ProgMesh\ProgMesh.vcxproj" on node 2 (build target(s)).
     1>InitializeBuildStatus:
         Creating "Debug\ProgMesh.unsuccessfulbuild" because "AlwaysCreate" was specified.
       ClCompile:
         C:\Program Files (x86)\Microsoft Visual Studio 10.0\VC\bin\CL.exe /c /ZI /nologo /W3 /WX- /Od /Oy- /D WIN32 /D _DEBUG /D _CONSOLE /D _UNICODE /D UNICODE /Gm /EHsc /RTC1 /MDd /GS /fp:precise /Zc:wchar_t /Zc:forScope /Fo"Debug\\" /Fd"Debug\vc100.pdb" /Gd /TP /analyze- /errorReport:prompt winmain.cpp
         winmain.cpp
     1>c:\users\antonio\desktop\portfolio_glui\progmesh\progmesh\winmain.cpp(272): warning C4996: 'sprintf': This function or variable may be unsafe. Consider using sprintf_s instead. To disable deprecation, use _CRT_SECURE_NO_WARNINGS. See online help for details.
                 c:\program files (x86)\microsoft visual studio 10.0\vc\include\stdio.h(371) : see declaration of 'sprintf'
       ManifestResourceCompile:
         All outputs are up-to-date.
       Link:
         C:\Program Files (x86)\Microsoft Visual Studio 10.0\VC\bin\link.exe /ERRORREPORT:PROMPT /OUT:"C:\Users\antonio\Desktop\portfolio_glui\ProgMesh\Debug\ProgMesh.exe" /INCREMENTAL /NOLOGO kernel32.lib user32.lib gdi32.lib winspool.lib comdlg32.lib advapi32.lib shell32.lib ole32.lib oleaut32.lib uuid.lib odbc32.lib odbccp32.lib /MANIFEST /ManifestFile:"Debug\ProgMesh.exe.intermediate.manifest" /MANIFESTUAC:"level='asInvoker' uiAccess='false'" /DEBUG /PDB:"C:\Users\antonio\Desktop\portfolio_glui\ProgMesh\Debug\ProgMesh.pdb" /SUBSYSTEM:CONSOLE /TLBID:1 /DYNAMICBASE /NXCOMPAT /IMPLIB:"C:\Users\antonio\Desktop\portfolio_glui\ProgMesh\Debug\ProgMesh.lib" /MACHINE:X86 Debug\ProgMesh.exe.embed.manifest.res
         Debug\modelguts.obj
         Debug\progmesh.obj
         Debug\vector.obj
         Debug\winmain.obj
       Manifest:
         C:\Program Files (x86)\Microsoft SDKs\Windows\v7.0A\bin\mt.exe /nologo /verbose /out:"Debug\ProgMesh.exe.embed.manifest" /manifest Debug\ProgMesh.exe.intermediate.manifest
         All outputs are up-to-date.
       LinkEmbedManifest:
         All outputs are up-to-date.
         ProgMesh.vcxproj -> C:\Users\antonio\Desktop\portfolio_glui\ProgMesh\Debug\ProgMesh.exe
       FinalizeBuildStatus:
         Deleting file "Debug\ProgMesh.unsuccessfulbuild".
         Touching "Debug\ProgMesh.lastbuildstate".
     1>Done Building Project "C:\Users\antonio\Desktop\portfolio_glui\ProgMesh\ProgMesh\ProgMesh.vcxproj" (build target(s)).

Build succeeded.

Time Elapsed 00:00:01.23
